<?xml version="1.0" encoding="UTF-8"?>
<!-- Generated by org.testng.reporters.JUnitXMLReporter -->
<testsuite hostname="LAPTOP-D24VJTLU" ignored="0" name="Test" tests="4" failures="0" timestamp="19 May 2020 13:08:05 GMT" time="0.086" errors="0">
  <testcase name="browserTest" time="0.022" classname="maven.maventutorial.SeleniumTest"/>
  <testcase name="uiTest" time="0.002" classname="maven.maventutorial.SeleniumTest"/>
  <testcase name="deleteTwitter" time="0.002" classname="maven.maventutorial.RestApiTest"/>
  <testcase name="postJira" time="0.001" classname="maven.maventutorial.RestApiTest"/>
</testsuite> <!-- Test -->
