<?xml version="1.0" encoding="UTF-8"?>
<!-- Generated by org.testng.reporters.JUnitXMLReporter -->
<testsuite hostname="LAPTOP-D24VJTLU" ignored="0" name="Command line test" tests="6" failures="0" timestamp="2020-05-05T18:54:00 IST" time="0.083" errors="0">
  <testcase name="androidTest" time="0.004" classname="maven.maventutorial.AppiumTest"/>
  <testcase name="iosTest" time="0.0" classname="maven.maventutorial.AppiumTest"/>
  <testcase name="deleteTwitter" time="0.0" classname="maven.maventutorial.RestApiTest"/>
  <testcase name="postJira" time="0.0" classname="maven.maventutorial.RestApiTest"/>
  <testcase name="browserTest" time="0.0" classname="maven.maventutorial.SeleniumTest"/>
  <testcase name="uiTest" time="0.0" classname="maven.maventutorial.SeleniumTest"/>
</testsuite> <!-- Command line test -->
