<?xml version="1.0" encoding="UTF-8"?>
<!-- Generated by org.testng.reporters.JUnitXMLReporter -->
<testsuite hostname="LAPTOP-D24VJTLU" ignored="0" name="Test" tests="6" failures="0" timestamp="2020-05-05T18:55:59 IST" time="0.079" errors="0">
  <testcase name="browserTest" time="0.012" classname="maven.maventutorial.SeleniumTest"/>
  <testcase name="uiTest" time="0.001" classname="maven.maventutorial.SeleniumTest"/>
  <testcase name="deleteTwitter" time="0.0" classname="maven.maventutorial.RestApiTest"/>
  <testcase name="postJira" time="0.001" classname="maven.maventutorial.RestApiTest"/>
  <testcase name="androidTest" time="0.0" classname="maven.maventutorial.AppiumTest"/>
  <testcase name="iosTest" time="0.001" classname="maven.maventutorial.AppiumTest"/>
</testsuite> <!-- Test -->
