<?xml version="1.0" encoding="UTF-8"?>
<testng-results skipped="0" failed="0" ignored="0" total="4" passed="4">
  <reporter-output>
  </reporter-output>
  <suite name="Suite" duration-ms="86" started-at="2020-05-19T13:08:05Z" finished-at="2020-05-19T13:08:05Z">
    <groups>
    </groups>
    <test name="Test" duration-ms="86" started-at="2020-05-19T13:08:05Z" finished-at="2020-05-19T13:08:05Z">
      <class name="maven.maventutorial.RestApiTest">
        <test-method status="PASS" signature="deleteTwitter()[pri:0, instance:maven.maventutorial.RestApiTest@4667ae56]" name="deleteTwitter" duration-ms="2" started-at="2020-05-19T18:38:05Z" finished-at="2020-05-19T18:38:05Z">
          <reporter-output>
          </reporter-output>
        </test-method> <!-- deleteTwitter -->
        <test-method status="PASS" signature="postJira()[pri:0, instance:maven.maventutorial.RestApiTest@4667ae56]" name="postJira" duration-ms="1" started-at="2020-05-19T18:38:05Z" finished-at="2020-05-19T18:38:05Z">
          <reporter-output>
          </reporter-output>
        </test-method> <!-- postJira -->
      </class> <!-- maven.maventutorial.RestApiTest -->
      <class name="maven.maventutorial.SeleniumTest">
        <test-method status="PASS" signature="browserTest()[pri:0, instance:maven.maventutorial.SeleniumTest@5442a311]" name="browserTest" duration-ms="22" started-at="2020-05-19T18:38:05Z" finished-at="2020-05-19T18:38:05Z">
          <reporter-output>
          </reporter-output>
        </test-method> <!-- browserTest -->
        <test-method status="PASS" signature="uiTest()[pri:0, instance:maven.maventutorial.SeleniumTest@5442a311]" name="uiTest" duration-ms="2" started-at="2020-05-19T18:38:05Z" finished-at="2020-05-19T18:38:05Z">
          <reporter-output>
          </reporter-output>
        </test-method> <!-- uiTest -->
      </class> <!-- maven.maventutorial.SeleniumTest -->
    </test> <!-- Test -->
  </suite> <!-- Suite -->
</testng-results>
